<?xml version="1.0" encoding="UTF-8"?>
<testsuite name="Main_1000_plus_TEST" tests="1" skipped="0" failures="0" errors="0" timestamp="2024-01-01T14:57:00" hostname="DESKTOP-DUF45GG" time="0.21">
  <properties/>
  <testcase name="[테스트명]" classname="Main_1000_plus_TEST" time="0.21"/>
  <system-out><![CDATA[]]></system-out>
  <system-err><![CDATA[]]></system-err>
</testsuite>
